<?xml version="1.0" encoding="UTF-8"?>
<!-- Generated by org.testng.reporters.JUnitXMLReporter -->
<testsuite ignored="0" hostname="ABHISHEK" failures="0" tests="4" name="Surefire test" time="0.075" errors="0" timestamp="2024-08-30T12:29:23 IST">
  <testcase classname="pac1.ContactTest" name="createContactTest" time="0.007"/>
  <testcase classname="pac1.ContactTest" name="modifyContact" time="0.001"/>
  <testcase classname="pac2.OrgTest" name="createOrgTest" time="0.001"/>
  <testcase classname="pac2.OrgTest" name="modifyOrgTest" time="0.001"/>
</testsuite> <!-- Surefire test -->
